<?xml version="1.0" encoding="UTF-8"?>
<testExecutions version="1">
  <file path="/Users/vaz/Documents/GitHub/dev-mobile-m2/components/__tests__/services/CalculAlarmeService.test.ts">
    <testCase name="calculAlarme devrait calculer l&apos;heure d&apos;activation de l&apos;alarme correctement" duration="5"/>
    <testCase name="calculAlarme devrait calculer l&apos;heure d&apos;activation de l&apos;alarme correctement si s&apos;allume la veille" duration="0"/>
  </file>
  <file path="/Users/vaz/Documents/GitHub/dev-mobile-m2/components/__tests__/services/NotifAlarmeService.test.ts">
    <testCase name="Notification functions should schedule a notification" duration="54"/>
  </file>
</testExecutions>